<?xml version="1.0" encoding="utf-8"?><testsuites name="pytest tests"><testsuite name="pytest" errors="0" failures="0" skipped="0" tests="6" time="0.008" timestamp="2026-05-22T08:42:47.708132-05:00" hostname="Mac"><testcase classname="test_sample" name="test_addition" time="0.000" /><testcase classname="test_sample" name="test_subtraction" time="0.000" /><testcase classname="test_sample" name="test_multiplication" time="0.000" /><testcase classname="test_sample" name="test_division" time="0.000" /><testcase classname="test_sample.TestStrings" name="test_upper" time="0.000" /><testcase classname="test_sample.TestStrings" name="test_lower" time="0.000" /></testsuite></testsuites>